<?xml version="1.0" encoding="UTF-8"?>
<!-- Generated by org.testng.reporters.JUnitXMLReporter -->
<testsuite hostname="DESKTOP-KD0AJIH" ignored="0" name="Default test" tests="3" failures="0" timestamp="21 Jun 2021 02:40:37 GMT" time="0.152" errors="0">
  <testcase name="middle" time="0.034" classname="testing.TryingQmetry.FirstTest"/>
  <testcase name="last" time="0.003" classname="testing.TryingQmetry.FirstTest"/>
  <testcase name="first" time="0.002" classname="testing.TryingQmetry.FirstTest"/>
</testsuite> <!-- Default test -->
