<?xml version="1.0" encoding="UTF-8"?>
<!-- Generated by org.testng.reporters.JUnitXMLReporter -->
<testsuite hostname="DESKTOP-KD0AJIH" ignored="2" name="Test" tests="2" failures="0" timestamp="21 Jun 2021 13:11:25 GMT" time="0.11" errors="0">
  <testcase name="second" time="0.018" classname="testing.TryingQmetry.SecondTest"/>
  <testcase name="last" time="0.002" classname="testing.TryingQmetry.SecondTest"/>
  <testcase name="second1" time="0.0" classname="testing.TryingQmetry.SecondTest">
    <ignored/>
  </testcase> <!-- second1 -->
  <testcase name="mode" time="0.0" classname="resource.Five">
    <ignored/>
  </testcase> <!-- mode -->
</testsuite> <!-- Test -->
