<?xml version="1.0" encoding="UTF-8"?>
<testng-results skipped="0" failed="0" ignored="2" total="4" passed="2">
  <reporter-output>
  </reporter-output>
  <suite name="Suite" duration-ms="110" started-at="2021-06-21T13:11:25Z" finished-at="2021-06-21T13:11:25Z">
    <groups>
    </groups>
    <test name="Test" duration-ms="110" started-at="2021-06-21T13:11:25Z" finished-at="2021-06-21T13:11:25Z">
      <class name="testing.TryingQmetry.SecondTest">
        <test-method status="PASS" signature="second()[pri:0, instance:testing.TryingQmetry.SecondTest@4c583ecf]" name="second" duration-ms="18" started-at="2021-06-21T18:41:25Z" finished-at="2021-06-21T18:41:25Z">
          <reporter-output>
          </reporter-output>
        </test-method> <!-- second -->
        <test-method status="PASS" signature="last()[pri:0, instance:testing.TryingQmetry.SecondTest@4c583ecf]" name="last" duration-ms="2" started-at="2021-06-21T18:41:25Z" finished-at="2021-06-21T18:41:25Z">
          <reporter-output>
          </reporter-output>
        </test-method> <!-- last -->
      </class> <!-- testing.TryingQmetry.SecondTest -->
    </test> <!-- Test -->
  </suite> <!-- Suite -->
</testng-results>
